<?xml version="1.0" encoding="UTF-8"?>
<!-- Generated by org.testng.reporters.JUnitXMLReporter -->
<testsuite ignored="0" hostname="INHYLP032" failures="0" tests="7" name="Test1" time="0.81" errors="0" timestamp="05 Jul 2023 10:33:27 GMT">
  <testcase classname="com.mqa.testcases.CallSettingsTest" name="@BeforeMethod initcap" time="0.763">
    <failure type="org.openqa.selenium.SessionNotCreatedException" message="Unable to create a new remote session. Please check the server log for more details. Original error: An unknown server-side error occurred while processing the command. Original error: Unable to find an active device or emulator with OS 8.1.0. The following are available: RF8R30D71TN (13)
Build info: version: &amp;apos;3.141.59&amp;apos;, revision: &amp;apos;e82be7d358&amp;apos;, time: &amp;apos;2018-11-14T08:17:03&amp;apos;
System info: host: &amp;apos;INHYLP032&amp;apos;, ip: &amp;apos;172.16.4.236&amp;apos;, os.name: &amp;apos;Windows 11&amp;apos;, os.arch: &amp;apos;amd64&amp;apos;, os.version: &amp;apos;10.0&amp;apos;, java.version: &amp;apos;17.0.7&amp;apos;
Driver info: driver.version: AndroidDriver
remote stacktrace: UnknownError: An unknown server-side error occurred while processing the command. Original error: Unable to find an active device or emulator with OS 8.1.0. The following are available: RF8R30D71TN (13)
    at getResponseForW3CError (C:\Program Files\Appium Server GUI\resources\app\node_modules\appium\node_modules\appium-base-driver\lib\protocol\errors.js:804:9)
    at asyncHandler (C:\Program Files\Appium Server GUI\resources\app\node_modules\appium\node_modules\appium-base-driver\lib\protocol\protocol.js:380:37)
Build info: version: &amp;apos;3.141.59&amp;apos;, revision: &amp;apos;e82be7d358&amp;apos;, time: &amp;apos;2018-11-14T08:17:03&amp;apos;
System info: host: &amp;apos;INHYLP032&amp;apos;, ip: &amp;apos;172.16.4.236&amp;apos;, os.name: &amp;apos;Windows 11&amp;apos;, os.arch: &amp;apos;amd64&amp;apos;, os.version: &amp;apos;10.0&amp;apos;, java.version: &amp;apos;17.0.7&amp;apos;
Driver info: driver.version: AndroidDriver">
      <![CDATA[org.openqa.selenium.SessionNotCreatedException: Unable to create a new remote session. Please check the server log for more details. Original error: An unknown server-side error occurred while processing the command. Original error: Unable to find an active device or emulator with OS 8.1.0. The following are available: RF8R30D71TN (13)
Build info: version: '3.141.59', revision: 'e82be7d358', time: '2018-11-14T08:17:03'
System info: host: 'INHYLP032', ip: '172.16.4.236', os.name: 'Windows 11', os.arch: 'amd64', os.version: '10.0', java.version: '17.0.7'
Driver info: driver.version: AndroidDriver
remote stacktrace: UnknownError: An unknown server-side error occurred while processing the command. Original error: Unable to find an active device or emulator with OS 8.1.0. The following are available: RF8R30D71TN (13)
    at getResponseForW3CError (C:\Program Files\Appium Server GUI\resources\app\node_modules\appium\node_modules\appium-base-driver\lib\protocol\errors.js:804:9)
    at asyncHandler (C:\Program Files\Appium Server GUI\resources\app\node_modules\appium\node_modules\appium-base-driver\lib\protocol\protocol.js:380:37)
Build info: version: '3.141.59', revision: 'e82be7d358', time: '2018-11-14T08:17:03'
System info: host: 'INHYLP032', ip: '172.16.4.236', os.name: 'Windows 11', os.arch: 'amd64', os.version: '10.0', java.version: '17.0.7'
Driver info: driver.version: AndroidDriver
at io.appium.java_client.remote.AppiumCommandExecutor$1.createSession(AppiumCommandExecutor.java:216)
at io.appium.java_client.remote.AppiumCommandExecutor.createSession(AppiumCommandExecutor.java:225)
at io.appium.java_client.remote.AppiumCommandExecutor.execute(AppiumCommandExecutor.java:247)
at org.openqa.selenium.remote.RemoteWebDriver.execute(RemoteWebDriver.java:552)
at io.appium.java_client.DefaultGenericMobileDriver.execute(DefaultGenericMobileDriver.java:41)
at io.appium.java_client.AppiumDriver.execute(AppiumDriver.java:1)
at io.appium.java_client.android.AndroidDriver.execute(AndroidDriver.java:1)
at org.openqa.selenium.remote.RemoteWebDriver.startSession(RemoteWebDriver.java:213)
at io.appium.java_client.AppiumDriver.startSession(AppiumDriver.java:338)
at org.openqa.selenium.remote.RemoteWebDriver.<init>(RemoteWebDriver.java:131)
at io.appium.java_client.DefaultGenericMobileDriver.<init>(DefaultGenericMobileDriver.java:37)
at io.appium.java_client.AppiumDriver.<init>(AppiumDriver.java:89)
at io.appium.java_client.AppiumDriver.<init>(AppiumDriver.java:99)
at io.appium.java_client.android.AndroidDriver.<init>(AndroidDriver.java:96)
at com.mqa.btr.base.BaseTest.init(BaseTest.java:112)
at com.mqa.testcases.CallSettingsTest.initcap(CallSettingsTest.java:25)
at io.appium.java_client.remote.AppiumCommandExecutor$1.createSession(AppiumCommandExecutor.java:193)
... 46 more
Caused by: org.openqa.selenium.WebDriverException: An unknown server-side error occurred while processing the command. Original error: Unable to find an active device or emulator with OS 8.1.0. The following are available: RF8R30D71TN (13)
Build info: version: '3.141.59', revision: 'e82be7d358', time: '2018-11-14T08:17:03'
System info: host: 'INHYLP032', ip: '172.16.4.236', os.name: 'Windows 11', os.arch: 'amd64', os.version: '10.0', java.version: '17.0.7'
Driver info: driver.version: AndroidDriver
remote stacktrace: UnknownError: An unknown server-side error occurred while processing the command. Original error: Unable to find an active device or emulator with OS 8.1.0. The following are available: RF8R30D71TN (13)
    at getResponseForW3CError (C:\Program Files\Appium Server GUI\resources\app\node_modules\appium\node_modules\appium-base-driver\lib\protocol\errors.js:804:9)
    at asyncHandler (C:\Program Files\Appium Server GUI\resources\app\node_modules\appium\node_modules\appium-base-driver\lib\protocol\protocol.js:380:37)
at org.openqa.selenium.remote.W3CHandshakeResponse.lambda$errorHandler$0(W3CHandshakeResponse.java:62)
at org.openqa.selenium.remote.HandshakeResponse.lambda$getResponseFunction$0(HandshakeResponse.java:30)
at org.openqa.selenium.remote.ProtocolHandshake.lambda$createSession$0(ProtocolHandshake.java:126)
at java.base/java.util.stream.ReferencePipeline$3$1.accept(ReferencePipeline.java:197)
at java.base/java.util.Spliterators$ArraySpliterator.tryAdvance(Spliterators.java:1002)
at java.base/java.util.stream.ReferencePipeline.forEachWithCancel(ReferencePipeline.java:129)
at java.base/java.util.stream.AbstractPipeline.copyIntoWithCancel(AbstractPipeline.java:527)
at java.base/java.util.stream.AbstractPipeline.copyInto(AbstractPipeline.java:513)
at java.base/java.util.stream.AbstractPipeline.wrapAndCopyInto(AbstractPipeline.java:499)
at java.base/java.util.stream.FindOps$FindOp.evaluateSequential(FindOps.java:150)
at java.base/java.util.stream.AbstractPipeline.evaluate(AbstractPipeline.java:234)
at java.base/java.util.stream.ReferencePipeline.findFirst(ReferencePipeline.java:647)
at org.openqa.selenium.remote.ProtocolHandshake.createSession(ProtocolHandshake.java:128)
... 51 more
... Removed 41 stack frames]]>
    </failure>
  </testcase> <!-- @BeforeMethod initcap -->
  <testcase classname="com.mqa.testcases.CallSettingsTest" name="@AfterMethod screenShot" time="0.0">
    <skipped/>
  </testcase> <!-- @AfterMethod screenShot -->
  <testcase classname="com.mqa.testcases.CallSettingsTest" name="@BeforeMethod initcap" time="0.0">
    <skipped/>
  </testcase> <!-- @BeforeMethod initcap -->
  <testcase classname="com.mqa.testcases.CallSettingsTest" name="@AfterMethod screenShot" time="0.0">
    <skipped/>
  </testcase> <!-- @AfterMethod screenShot -->
  <testcase classname="com.mqa.testcases.CallSettingsTest" name="@BeforeMethod initcap" time="0.0">
    <skipped/>
  </testcase> <!-- @BeforeMethod initcap -->
  <testcase classname="com.mqa.testcases.CallSettingsTest" name="@AfterMethod screenShot" time="0.0">
    <skipped/>
  </testcase> <!-- @AfterMethod screenShot -->
  <testcase classname="com.mqa.testcases.CallSettingsTest" name="@BeforeMethod initcap" time="0.0">
    <skipped/>
  </testcase> <!-- @BeforeMethod initcap -->
  <testcase classname="com.mqa.testcases.CallSettingsTest" name="@AfterMethod screenShot" time="0.0">
    <skipped/>
  </testcase> <!-- @AfterMethod screenShot -->
  <testcase classname="com.mqa.testcases.CallSettingsTest" name="@BeforeMethod initcap" time="0.0">
    <skipped/>
  </testcase> <!-- @BeforeMethod initcap -->
  <testcase classname="com.mqa.testcases.CallSettingsTest" name="@AfterMethod screenShot" time="0.0">
    <skipped/>
  </testcase> <!-- @AfterMethod screenShot -->
  <testcase classname="com.mqa.testcases.CallSettingsTest" name="@BeforeMethod initcap" time="0.0">
    <skipped/>
  </testcase> <!-- @BeforeMethod initcap -->
  <testcase classname="com.mqa.testcases.CallSettingsTest" name="@AfterMethod screenShot" time="0.0">
    <skipped/>
  </testcase> <!-- @AfterMethod screenShot -->
  <testcase classname="com.mqa.testcases.CallSettingsTest" name="@BeforeMethod initcap" time="0.0">
    <skipped/>
  </testcase> <!-- @BeforeMethod initcap -->
  <testcase classname="com.mqa.testcases.CallSettingsTest" name="@AfterMethod screenShot" time="0.0">
    <skipped/>
  </testcase> <!-- @AfterMethod screenShot -->
  <testcase classname="com.mqa.testcases.CallSettingsTest" name="CallSettings_Ringmyphone" time="0.0">
    <skipped/>
  </testcase> <!-- CallSettings_Ringmyphone -->
  <testcase classname="com.mqa.testcases.CallSettingsTest" name="Call_Setting_CallForward" time="0.0">
    <skipped/>
  </testcase> <!-- Call_Setting_CallForward -->
  <testcase classname="com.mqa.testcases.CallSettingsTest" name="Call_Setting_Voicemails" time="0.0">
    <skipped/>
  </testcase> <!-- Call_Setting_Voicemails -->
  <testcase classname="com.mqa.testcases.CallSettingsTest" name="Call_Setting_selectIVR" time="0.0">
    <skipped/>
  </testcase> <!-- Call_Setting_selectIVR -->
  <testcase classname="com.mqa.testcases.CallSettingsTest" name="Call_Setting_selectDNDdisconnect" time="0.0">
    <skipped/>
  </testcase> <!-- Call_Setting_selectDNDdisconnect -->
  <testcase classname="com.mqa.testcases.CallSettingsTest" name="Call_Setting_selectPlayGreeting" time="0.0">
    <skipped/>
  </testcase> <!-- Call_Setting_selectPlayGreeting -->
  <testcase classname="com.mqa.testcases.CallSettingsTest" name="Call_Setting_selectschedule" time="0.0">
    <skipped/>
  </testcase> <!-- Call_Setting_selectschedule -->
</testsuite> <!-- Test1 -->
